{"obj": {"type": "AssignString", "path": ["sys", "name"], "value": "Untitled"}, "version": 1}
{"obj": {"type": "AssignString", "path": ["sys", "description"], "value": ""}, "version": 2}
{"obj": {"type": "AssignString", "path": ["sys", "hostname"], "value": "d01ab3e31bda"}, "version": 3}
{"obj": {"type": "AssignBool", "path": ["sys", "failed"], "value": false}, "version": 4}
{"obj": {"type": "ClearStringLog", "path": ["monitoring", "stdout"]}, "version": 5}
{"obj": {"type": "ClearStringLog", "path": ["monitoring", "stderr"]}, "version": 6}
{"obj": {"type": "AssignString", "path": ["source_code", "entrypoint"], "value": "train_dqn_example.py"}, "version": 7}
{"obj": {"type": "UploadFileSet", "path": ["source_code", "files"], "file_globs": ["/starter-kit/train_dqn_example.py"], "reset": "False"}, "version": 8}
{"obj": {"type": "LogStrings", "path": ["monitoring", "stdout"], "values": [{"value": "", "step": null, "ts": 1622980853.359027}]}, "version": 9}
{"obj": {"type": "LogStrings", "path": ["monitoring", "stdout"], "values": [{"value": "https://app.neptune.ai/TensorCell/KDD/e/KDD-20\n", "step": null, "ts": 1622980853.362616}]}, "version": 10}
{"obj": {"type": "AssignString", "path": ["parameters", "input_dir"], "value": "agent"}, "version": 11}
{"obj": {"type": "AssignString", "path": ["parameters", "output_dir"], "value": "out"}, "version": 12}
{"obj": {"type": "AssignString", "path": ["parameters", "sim_cfg"], "value": "cfg/simulator_medium.cfg"}, "version": 13}
{"obj": {"type": "AssignInt", "path": ["parameters", "metric_period"], "value": 3600}, "version": 14}
{"obj": {"type": "AssignFloat", "path": ["parameters", "threshold"], "value": 1.6}, "version": 15}
{"obj": {"type": "AssignString", "path": ["parameters", "model_name"], "value": "models_for_him/round_185.h5"}, "version": 16}
{"obj": {"type": "AssignInt", "path": ["parameters", "memory_size"], "value": 50000000}, "version": 17}
{"obj": {"type": "AssignInt", "path": ["parameters", "batch_size"], "value": 512}, "version": 18}
{"obj": {"type": "AssignInt", "path": ["parameters", "learning_start"], "value": 20000}, "version": 19}
{"obj": {"type": "AssignString", "path": ["parameters", "roadnet_size"], "value": "small"}, "version": 20}
{"obj": {"type": "AssignFloat", "path": ["parameters", "epsilon"], "value": 0.1}, "version": 21}
{"obj": {"type": "AssignFloat", "path": ["parameters", "gamma"], "value": 0.98}, "version": 22}
{"obj": {"type": "AssignFloat", "path": ["parameters", "learning_rate"], "value": 0.0005}, "version": 23}
{"obj": {"type": "AssignInt", "path": ["parameters", "thread"], "value": 40}, "version": 24}
{"obj": {"type": "AssignInt", "path": ["parameters", "steps"], "value": 360}, "version": 25}
{"obj": {"type": "AssignInt", "path": ["parameters", "episodes"], "value": 100}, "version": 26}
{"obj": {"type": "AssignInt", "path": ["parameters", "update_freq"], "value": 50}, "version": 27}
{"obj": {"type": "AssignInt", "path": ["parameters", "close_value"], "value": 50}, "version": 28}
{"obj": {"type": "AssignBool", "path": ["parameters", "save_model"], "value": true}, "version": 29}
{"obj": {"type": "AssignBool", "path": ["parameters", "load_model"], "value": false}, "version": 30}
{"obj": {"type": "AssignInt", "path": ["parameters", "save_rate"], "value": 10}, "version": 31}
{"obj": {"type": "AssignString", "path": ["parameters", "save_dir"], "value": "model/dqn_mine/new"}, "version": 32}
{"obj": {"type": "AssignString", "path": ["parameters", "log_dir"], "value": "cmd_log/dqn_warm_up"}, "version": 33}
{"obj": {"type": "LogStrings", "path": ["monitoring", "stderr"], "values": [{"value": "Using TensorFlow backend.\n", "step": null, "ts": 1622980854.6818695}]}, "version": 34}
{"obj": {"type": "LogStrings", "path": ["monitoring", "traceback"], "values": [{"value": "An uncaught exception occurred while run was active on worker d01ab3e31bda.", "step": null, "ts": 1622980855.1623366}, {"value": "Marking run as failed", "step": null, "ts": 1622980855.1623366}, {"value": "Traceback:", "step": null, "ts": 1622980855.1623366}, {"value": "  File \"train_dqn_example.py\", line 653, in <module>\n    train(agent_spec, gym_cfg, args,run,scores_dir)\n", "step": null, "ts": 1622980855.1623366}, {"value": "  File \"train_dqn_example.py\", line 319, in train\n    agent.agent_init(args)\n", "step": null, "ts": 1622980855.1623366}, {"value": "  File \"agent/agent_DQN.py\", line 102, in agent_init\n    self.model_A, self.model_B = self._build_model()\n", "step": null, "ts": 1622980855.1623366}, {"value": "  File \"agent/agent_DQN.py\", line 605, in _build_model\n    model_A = keras.models.load_model(self.model_name)\n", "step": null, "ts": 1622980855.1623366}, {"value": "  File \"/usr/local/lib/python3.7/dist-packages/keras/engine/saving.py\", line 492, in load_wrapper\n    return load_function(*args, **kwargs)\n", "step": null, "ts": 1622980855.1623366}, {"value": "  File \"/usr/local/lib/python3.7/dist-packages/keras/engine/saving.py\", line 584, in load_model\n    model = _deserialize_model(h5dict, custom_objects, compile)\n", "step": null, "ts": 1622980855.1623366}, {"value": "  File \"/usr/local/lib/python3.7/dist-packages/keras/engine/saving.py\", line 274, in _deserialize_model\n    model = model_from_config(model_config, custom_objects=custom_objects)\n", "step": null, "ts": 1622980855.1623366}, {"value": "  File \"/usr/local/lib/python3.7/dist-packages/keras/engine/saving.py\", line 627, in model_from_config\n    return deserialize(config, custom_objects=custom_objects)\n", "step": null, "ts": 1622980855.1623366}, {"value": "  File \"/usr/local/lib/python3.7/dist-packages/keras/layers/__init__.py\", line 168, in deserialize\n    printable_module_name='layer')\n", "step": null, "ts": 1622980855.1623366}, {"value": "  File \"/usr/local/lib/python3.7/dist-packages/keras/utils/generic_utils.py\", line 147, in deserialize_keras_object\n    list(custom_objects.items())))\n", "step": null, "ts": 1622980855.1623366}, {"value": "  File \"/usr/local/lib/python3.7/dist-packages/keras/engine/network.py\", line 1075, in from_config\n    process_node(layer, node_data)\n", "step": null, "ts": 1622980855.1623366}, {"value": "  File \"/usr/local/lib/python3.7/dist-packages/keras/engine/network.py\", line 1025, in process_node\n    layer(unpack_singleton(input_tensors), **kwargs)\n", "step": null, "ts": 1622980855.1623366}, {"value": "  File \"/usr/local/lib/python3.7/dist-packages/keras/engine/base_layer.py\", line 489, in __call__\n    output = self.call(inputs, **kwargs)\n", "step": null, "ts": 1622980855.1623366}, {"value": "  File \"/usr/local/lib/python3.7/dist-packages/keras/layers/merge.py\", line 161, in call\n    return self._merge_function(inputs)\n", "step": null, "ts": 1622980855.1623366}, {"value": "  File \"/usr/local/lib/python3.7/dist-packages/keras/layers/merge.py\", line 365, in _merge_function\n    return K.concatenate(inputs, axis=self.axis)\n", "step": null, "ts": 1622980855.1623366}, {"value": "  File \"/usr/local/lib/python3.7/dist-packages/keras/backend/tensorflow_backend.py\", line 2427, in concatenate\n    return tf.concat([to_dense(x) for x in tensors], axis)\n", "step": null, "ts": 1622980855.1623366}, {"value": "  File \"/usr/local/lib/python3.7/dist-packages/tensorflow_core/python/util/dispatch.py\", line 180, in wrapper\n    return target(*args, **kwargs)\n", "step": null, "ts": 1622980855.1623366}, {"value": "  File \"/usr/local/lib/python3.7/dist-packages/tensorflow_core/python/ops/array_ops.py\", line 1420, in concat\n    return gen_array_ops.concat_v2(values=values, axis=axis, name=name)\n", "step": null, "ts": 1622980855.1623366}, {"value": "  File \"/usr/local/lib/python3.7/dist-packages/tensorflow_core/python/ops/gen_array_ops.py\", line 1257, in concat_v2\n    \"ConcatV2\", values=values, axis=axis, name=name)\n", "step": null, "ts": 1622980855.1623366}, {"value": "  File \"/usr/local/lib/python3.7/dist-packages/tensorflow_core/python/framework/op_def_library.py\", line 794, in _apply_op_helper\n    op_def=op_def)\n", "step": null, "ts": 1622980855.1623366}, {"value": "  File \"/usr/local/lib/python3.7/dist-packages/tensorflow_core/python/util/deprecation.py\", line 496, in new_func\n    for arg_name in invalid_args:\n", "step": null, "ts": 1622980855.1623366}, {"value": "", "step": null, "ts": 1622980855.1623366}]}, "version": 35}
{"obj": {"type": "AssignBool", "path": ["sys", "failed"], "value": true}, "version": 36}
{"obj": {"type": "LogStrings", "path": ["monitoring", "stderr"], "values": [{"value": "Traceback (most recent call last):\n", "step": null, "ts": 1622980855.172707}]}, "version": 37}
{"obj": {"type": "LogStrings", "path": ["monitoring", "stderr"], "values": [{"value": "  File \"train_dqn_example.py\", line 653, in <module>\n", "step": null, "ts": 1622980855.1799524}]}, "version": 38}
{"obj": {"type": "LogStrings", "path": ["monitoring", "stderr"], "values": [{"value": "    ", "step": null, "ts": 1622980855.1803653}]}, "version": 39}
{"obj": {"type": "LogStrings", "path": ["monitoring", "stderr"], "values": [{"value": "train(agent_spec, gym_cfg, args,run,scores_dir)", "step": null, "ts": 1622980855.1805239}]}, "version": 40}
{"obj": {"type": "LogStrings", "path": ["monitoring", "stderr"], "values": [{"value": "\n", "step": null, "ts": 1622980855.180893}]}, "version": 41}
{"obj": {"type": "LogStrings", "path": ["monitoring", "stderr"], "values": [{"value": "  File \"train_dqn_example.py\", line 319, in train\n", "step": null, "ts": 1622980855.1812341}]}, "version": 42}
{"obj": {"type": "LogStrings", "path": ["monitoring", "stderr"], "values": [{"value": "    ", "step": null, "ts": 1622980855.1817095}]}, "version": 43}
{"obj": {"type": "LogStrings", "path": ["monitoring", "stderr"], "values": [{"value": "agent.agent_init(args)", "step": null, "ts": 1622980855.181909}]}, "version": 44}
{"obj": {"type": "LogStrings", "path": ["monitoring", "stderr"], "values": [{"value": "\n", "step": null, "ts": 1622980855.1822581}]}, "version": 45}
{"obj": {"type": "LogStrings", "path": ["monitoring", "stderr"], "values": [{"value": "  File \"agent/agent_DQN.py\", line 102, in agent_init\n", "step": null, "ts": 1622980855.1826053}]}, "version": 46}
{"obj": {"type": "LogStrings", "path": ["monitoring", "stderr"], "values": [{"value": "    ", "step": null, "ts": 1622980855.1830244}]}, "version": 47}
{"obj": {"type": "LogStrings", "path": ["monitoring", "stderr"], "values": [{"value": "self.model_A, self.model_B = self._build_model()", "step": null, "ts": 1622980855.1836517}]}, "version": 48}
{"obj": {"type": "LogStrings", "path": ["monitoring", "stderr"], "values": [{"value": "\n", "step": null, "ts": 1622980855.184049}]}, "version": 49}
{"obj": {"type": "LogStrings", "path": ["monitoring", "stderr"], "values": [{"value": "  File \"agent/agent_DQN.py\", line 605, in _build_model\n", "step": null, "ts": 1622980855.1844113}]}, "version": 50}
{"obj": {"type": "LogStrings", "path": ["monitoring", "stderr"], "values": [{"value": "    ", "step": null, "ts": 1622980855.1849368}]}, "version": 51}
{"obj": {"type": "LogStrings", "path": ["monitoring", "stderr"], "values": [{"value": "model_A = keras.models.load_model(self.model_name)", "step": null, "ts": 1622980855.1850793}]}, "version": 52}
{"obj": {"type": "LogStrings", "path": ["monitoring", "stderr"], "values": [{"value": "\n", "step": null, "ts": 1622980855.1854675}]}, "version": 53}
{"obj": {"type": "LogStrings", "path": ["monitoring", "stderr"], "values": [{"value": "  File \"/usr/local/lib/python3.7/dist-packages/keras/engine/saving.py\", line 492, in load_wrapper\n", "step": null, "ts": 1622980855.1857905}]}, "version": 54}
{"obj": {"type": "LogStrings", "path": ["monitoring", "stderr"], "values": [{"value": "    ", "step": null, "ts": 1622980855.1862698}]}, "version": 55}
{"obj": {"type": "LogStrings", "path": ["monitoring", "stderr"], "values": [{"value": "return load_function(*args, **kwargs)", "step": null, "ts": 1622980855.186441}]}, "version": 56}
{"obj": {"type": "LogStrings", "path": ["monitoring", "stderr"], "values": [{"value": "\n", "step": null, "ts": 1622980855.1867986}]}, "version": 57}
{"obj": {"type": "LogStrings", "path": ["monitoring", "stderr"], "values": [{"value": "  File \"/usr/local/lib/python3.7/dist-packages/keras/engine/saving.py\", line 584, in load_model\n", "step": null, "ts": 1622980855.187125}]}, "version": 58}
{"obj": {"type": "LogStrings", "path": ["monitoring", "stderr"], "values": [{"value": "    ", "step": null, "ts": 1622980855.1876283}]}, "version": 59}
{"obj": {"type": "LogStrings", "path": ["monitoring", "stderr"], "values": [{"value": "model = _deserialize_model(h5dict, custom_objects, compile)", "step": null, "ts": 1622980855.1877837}]}, "version": 60}
{"obj": {"type": "LogStrings", "path": ["monitoring", "stderr"], "values": [{"value": "\n", "step": null, "ts": 1622980855.1881323}]}, "version": 61}
{"obj": {"type": "LogStrings", "path": ["monitoring", "stderr"], "values": [{"value": "  File \"/usr/local/lib/python3.7/dist-packages/keras/engine/saving.py\", line 274, in _deserialize_model\n", "step": null, "ts": 1622980855.1884687}]}, "version": 62}
{"obj": {"type": "LogStrings", "path": ["monitoring", "stderr"], "values": [{"value": "    ", "step": null, "ts": 1622980855.1889186}]}, "version": 63}
{"obj": {"type": "LogStrings", "path": ["monitoring", "stderr"], "values": [{"value": "model = model_from_config(model_config, custom_objects=custom_objects)", "step": null, "ts": 1622980855.1891286}]}, "version": 64}
{"obj": {"type": "LogStrings", "path": ["monitoring", "stderr"], "values": [{"value": "\n", "step": null, "ts": 1622980855.1897163}]}, "version": 65}
{"obj": {"type": "LogStrings", "path": ["monitoring", "stderr"], "values": [{"value": "  File \"/usr/local/lib/python3.7/dist-packages/keras/engine/saving.py\", line 627, in model_from_config\n", "step": null, "ts": 1622980855.190106}]}, "version": 66}
{"obj": {"type": "LogStrings", "path": ["monitoring", "stderr"], "values": [{"value": "    ", "step": null, "ts": 1622980855.1909096}]}, "version": 67}
{"obj": {"type": "LogStrings", "path": ["monitoring", "stderr"], "values": [{"value": "return deserialize(config, custom_objects=custom_objects)", "step": null, "ts": 1622980855.1912057}]}, "version": 68}
{"obj": {"type": "LogStrings", "path": ["monitoring", "stderr"], "values": [{"value": "\n", "step": null, "ts": 1622980855.191529}]}, "version": 69}
{"obj": {"type": "LogStrings", "path": ["monitoring", "stderr"], "values": [{"value": "  File \"/usr/local/lib/python3.7/dist-packages/keras/layers/__init__.py\", line 168, in deserialize\n", "step": null, "ts": 1622980855.191864}]}, "version": 70}
{"obj": {"type": "LogStrings", "path": ["monitoring", "stderr"], "values": [{"value": "    ", "step": null, "ts": 1622980855.1924107}]}, "version": 71}
{"obj": {"type": "LogStrings", "path": ["monitoring", "stderr"], "values": [{"value": "printable_module_name='layer')", "step": null, "ts": 1622980855.1926847}]}, "version": 72}
{"obj": {"type": "LogStrings", "path": ["monitoring", "stderr"], "values": [{"value": "\n", "step": null, "ts": 1622980855.1930153}]}, "version": 73}
{"obj": {"type": "LogStrings", "path": ["monitoring", "stderr"], "values": [{"value": "  File \"/usr/local/lib/python3.7/dist-packages/keras/utils/generic_utils.py\", line 147, in deserialize_keras_object\n", "step": null, "ts": 1622980855.1933672}]}, "version": 74}
{"obj": {"type": "LogStrings", "path": ["monitoring", "stderr"], "values": [{"value": "    ", "step": null, "ts": 1622980855.1939187}]}, "version": 75}
{"obj": {"type": "LogStrings", "path": ["monitoring", "stderr"], "values": [{"value": "list(custom_objects.items())))", "step": null, "ts": 1622980855.1941893}]}, "version": 76}
{"obj": {"type": "LogStrings", "path": ["monitoring", "stderr"], "values": [{"value": "\n", "step": null, "ts": 1622980855.1945052}]}, "version": 77}
{"obj": {"type": "LogStrings", "path": ["monitoring", "stderr"], "values": [{"value": "  File \"/usr/local/lib/python3.7/dist-packages/keras/engine/network.py\", line 1075, in from_config\n", "step": null, "ts": 1622980855.19486}]}, "version": 78}
{"obj": {"type": "LogStrings", "path": ["monitoring", "stderr"], "values": [{"value": "    ", "step": null, "ts": 1622980855.195868}]}, "version": 79}
{"obj": {"type": "LogStrings", "path": ["monitoring", "stderr"], "values": [{"value": "process_node(layer, node_data)", "step": null, "ts": 1622980855.196152}]}, "version": 80}
{"obj": {"type": "LogStrings", "path": ["monitoring", "stderr"], "values": [{"value": "\n", "step": null, "ts": 1622980855.1964722}]}, "version": 81}
{"obj": {"type": "LogStrings", "path": ["monitoring", "stderr"], "values": [{"value": "  File \"/usr/local/lib/python3.7/dist-packages/keras/engine/network.py\", line 1025, in process_node\n", "step": null, "ts": 1622980855.1968071}]}, "version": 82}
{"obj": {"type": "LogStrings", "path": ["monitoring", "stderr"], "values": [{"value": "    ", "step": null, "ts": 1622980855.1978686}]}, "version": 83}
{"obj": {"type": "LogStrings", "path": ["monitoring", "stderr"], "values": [{"value": "layer(unpack_singleton(input_tensors), **kwargs)", "step": null, "ts": 1622980855.1981635}]}, "version": 84}
{"obj": {"type": "LogStrings", "path": ["monitoring", "stderr"], "values": [{"value": "\n", "step": null, "ts": 1622980855.198495}]}, "version": 85}
