{"obj": {"type": "AssignString", "path": ["sys", "name"], "value": "Untitled"}, "version": 1}
{"obj": {"type": "AssignString", "path": ["sys", "description"], "value": ""}, "version": 2}
{"obj": {"type": "AssignString", "path": ["sys", "hostname"], "value": "d01ab3e31bda"}, "version": 3}
{"obj": {"type": "AssignBool", "path": ["sys", "failed"], "value": false}, "version": 4}
{"obj": {"type": "ClearStringLog", "path": ["monitoring", "stdout"]}, "version": 5}
{"obj": {"type": "ClearStringLog", "path": ["monitoring", "stderr"]}, "version": 6}
{"obj": {"type": "AssignString", "path": ["source_code", "entrypoint"], "value": "train_dqn_example.py"}, "version": 7}
{"obj": {"type": "UploadFileSet", "path": ["source_code", "files"], "file_globs": ["/starter-kit/train_dqn_example.py"], "reset": "False"}, "version": 8}
{"obj": {"type": "LogStrings", "path": ["monitoring", "stdout"], "values": [{"value": "", "step": null, "ts": 1622941858.6749685}]}, "version": 9}
{"obj": {"type": "LogStrings", "path": ["monitoring", "stdout"], "values": [{"value": "https://app.neptune.ai/TensorCell/KDD/e/KDD-9\n", "step": null, "ts": 1622941858.6771922}]}, "version": 10}
{"obj": {"type": "AssignString", "path": ["parameters", "input_dir"], "value": "agent"}, "version": 11}
{"obj": {"type": "AssignString", "path": ["parameters", "output_dir"], "value": "out"}, "version": 12}
{"obj": {"type": "AssignString", "path": ["parameters", "sim_cfg"], "value": "cfg/simulator_medium.cfg"}, "version": 13}
{"obj": {"type": "AssignInt", "path": ["parameters", "metric_period"], "value": 3600}, "version": 14}
{"obj": {"type": "AssignFloat", "path": ["parameters", "threshold"], "value": 1.6}, "version": 15}
{"obj": {"type": "AssignString", "path": ["parameters", "model_name"], "value": "models_for_him/round_194.h5"}, "version": 16}
{"obj": {"type": "AssignInt", "path": ["parameters", "memory_size"], "value": 50000000}, "version": 17}
{"obj": {"type": "AssignInt", "path": ["parameters", "batch_size"], "value": 32}, "version": 18}
{"obj": {"type": "AssignInt", "path": ["parameters", "learning_start"], "value": 10000}, "version": 19}
{"obj": {"type": "AssignString", "path": ["parameters", "roadnet_size"], "value": "small"}, "version": 20}
{"obj": {"type": "AssignFloat", "path": ["parameters", "epsilon"], "value": 0.15}, "version": 21}
{"obj": {"type": "AssignFloat", "path": ["parameters", "gamma"], "value": 0.85}, "version": 22}
{"obj": {"type": "AssignFloat", "path": ["parameters", "learning_rate"], "value": 0.001}, "version": 23}
{"obj": {"type": "AssignInt", "path": ["parameters", "thread"], "value": 40}, "version": 24}
{"obj": {"type": "AssignInt", "path": ["parameters", "steps"], "value": 360}, "version": 25}
{"obj": {"type": "AssignInt", "path": ["parameters", "episodes"], "value": 100}, "version": 26}
{"obj": {"type": "AssignInt", "path": ["parameters", "update_freq"], "value": 100}, "version": 27}
{"obj": {"type": "AssignInt", "path": ["parameters", "close_value"], "value": 50}, "version": 28}
{"obj": {"type": "AssignBool", "path": ["parameters", "save_model"], "value": true}, "version": 29}
{"obj": {"type": "AssignBool", "path": ["parameters", "load_model"], "value": false}, "version": 30}
{"obj": {"type": "AssignInt", "path": ["parameters", "save_rate"], "value": 10}, "version": 31}
{"obj": {"type": "AssignString", "path": ["parameters", "save_dir"], "value": "model/dqn_mine/new"}, "version": 32}
{"obj": {"type": "AssignString", "path": ["parameters", "log_dir"], "value": "cmd_log/dqn_warm_up"}, "version": 33}
{"obj": {"type": "LogStrings", "path": ["monitoring", "stderr"], "values": [{"value": "Using TensorFlow backend.\n", "step": null, "ts": 1622941859.8972044}]}, "version": 34}
{"obj": {"type": "LogStrings", "path": ["monitoring", "stdout"], "values": [{"value": "----------------------------------------------------0/100", "step": null, "ts": 1622941865.2112098}]}, "version": 35}
{"obj": {"type": "LogStrings", "path": ["monitoring", "stdout"], "values": [{"value": "\n", "step": null, "ts": 1622941865.2116597}]}, "version": 36}
{"obj": {"type": "LogStrings", "path": ["monitoring", "traceback"], "values": [{"value": "An uncaught exception occurred while run was active on worker d01ab3e31bda.", "step": null, "ts": 1622941888.622999}, {"value": "Marking run as failed", "step": null, "ts": 1622941888.622999}, {"value": "Traceback:", "step": null, "ts": 1622941888.622999}, {"value": "  File \"train_dqn_example.py\", line 650, in <module>\n    train(agent_spec, gym_cfg, args,run,scores_dir)\n", "step": null, "ts": 1622941888.622999}, {"value": "  File \"train_dqn_example.py\", line 362, in train\n    observations, rewards, dones, info = env.step(actions)\n", "step": null, "ts": 1622941888.622999}, {"value": "  File \"/usr/local/lib/python3.7/dist-packages/CBEngine/envs/CBEngine.py\", line 168, in step\n    self.eng.next_step()\n", "step": null, "ts": 1622941888.622999}, {"value": "", "step": null, "ts": 1622941888.622999}]}, "version": 37}
{"obj": {"type": "AssignBool", "path": ["sys", "failed"], "value": true}, "version": 38}
{"obj": {"type": "LogStrings", "path": ["monitoring", "stderr"], "values": [{"value": "Traceback (most recent call last):\n", "step": null, "ts": 1622941888.6492562}]}, "version": 39}
{"obj": {"type": "LogStrings", "path": ["monitoring", "stderr"], "values": [{"value": "  File \"train_dqn_example.py\", line 650, in <module>\n", "step": null, "ts": 1622941888.656998}]}, "version": 40}
{"obj": {"type": "LogStrings", "path": ["monitoring", "stderr"], "values": [{"value": "    ", "step": null, "ts": 1622941888.6576896}]}, "version": 41}
{"obj": {"type": "LogStrings", "path": ["monitoring", "stderr"], "values": [{"value": "train(agent_spec, gym_cfg, args,run,scores_dir)", "step": null, "ts": 1622941888.657858}]}, "version": 42}
{"obj": {"type": "LogStrings", "path": ["monitoring", "stderr"], "values": [{"value": "\n", "step": null, "ts": 1622941888.658158}]}, "version": 43}
{"obj": {"type": "LogStrings", "path": ["monitoring", "stderr"], "values": [{"value": "  File \"train_dqn_example.py\", line 362, in train\n", "step": null, "ts": 1622941888.6585007}]}, "version": 44}
{"obj": {"type": "LogStrings", "path": ["monitoring", "stderr"], "values": [{"value": "    ", "step": null, "ts": 1622941888.6589553}]}, "version": 45}
{"obj": {"type": "LogStrings", "path": ["monitoring", "stderr"], "values": [{"value": "observations, rewards, dones, info = env.step(actions)", "step": null, "ts": 1622941888.6591253}]}, "version": 46}
{"obj": {"type": "LogStrings", "path": ["monitoring", "stderr"], "values": [{"value": "\n", "step": null, "ts": 1622941888.659463}]}, "version": 47}
{"obj": {"type": "LogStrings", "path": ["monitoring", "stderr"], "values": [{"value": "  File \"/usr/local/lib/python3.7/dist-packages/CBEngine/envs/CBEngine.py\", line 168, in step\n", "step": null, "ts": 1622941888.659777}]}, "version": 48}
{"obj": {"type": "LogStrings", "path": ["monitoring", "stderr"], "values": [{"value": "    ", "step": null, "ts": 1622941888.6602402}]}, "version": 49}
{"obj": {"type": "LogStrings", "path": ["monitoring", "stderr"], "values": [{"value": "self.eng.next_step()", "step": null, "ts": 1622941888.660418}]}, "version": 50}
{"obj": {"type": "LogStrings", "path": ["monitoring", "stderr"], "values": [{"value": "\n", "step": null, "ts": 1622941888.660741}]}, "version": 51}
{"obj": {"type": "LogStrings", "path": ["monitoring", "stderr"], "values": [{"value": "KeyboardInterrupt", "step": null, "ts": 1622941888.661089}]}, "version": 52}
{"obj": {"type": "LogStrings", "path": ["monitoring", "stderr"], "values": [{"value": "", "step": null, "ts": 1622941888.661374}]}, "version": 53}
{"obj": {"type": "LogStrings", "path": ["monitoring", "stderr"], "values": [{"value": "\n", "step": null, "ts": 1622941888.6617086}]}, "version": 54}
{"obj": {"type": "LogStrings", "path": ["monitoring", "stdout"], "values": [{"value": "Shutting down background jobs, please wait a moment...\n", "step": null, "ts": 1622941888.6624079}]}, "version": 55}
