{"obj": {"type": "AssignString", "path": ["sys", "name"], "value": "Untitled"}, "version": 1}
{"obj": {"type": "AssignString", "path": ["sys", "description"], "value": ""}, "version": 2}
{"obj": {"type": "AssignString", "path": ["sys", "hostname"], "value": "d01ab3e31bda"}, "version": 3}
{"obj": {"type": "AssignBool", "path": ["sys", "failed"], "value": false}, "version": 4}
{"obj": {"type": "ClearStringLog", "path": ["monitoring", "stdout"]}, "version": 5}
{"obj": {"type": "ClearStringLog", "path": ["monitoring", "stderr"]}, "version": 6}
{"obj": {"type": "AssignString", "path": ["source_code", "entrypoint"], "value": "train_dqn_example.py"}, "version": 7}
{"obj": {"type": "UploadFileSet", "path": ["source_code", "files"], "file_globs": ["/starter-kit/train_dqn_example.py"], "reset": "False"}, "version": 8}
{"obj": {"type": "LogStrings", "path": ["monitoring", "stdout"], "values": [{"value": "", "step": null, "ts": 1622909677.9038033}]}, "version": 9}
{"obj": {"type": "LogStrings", "path": ["monitoring", "stdout"], "values": [{"value": "https://app.neptune.ai/simontwice/CityBrainChallenge/e/CIT-18\n", "step": null, "ts": 1622909677.9059987}]}, "version": 10}
{"obj": {"type": "AssignString", "path": ["parameters", "input_dir"], "value": "agent"}, "version": 11}
{"obj": {"type": "AssignString", "path": ["parameters", "output_dir"], "value": "out"}, "version": 12}
{"obj": {"type": "AssignString", "path": ["parameters", "sim_cfg"], "value": "cfg/simulator_small.cfg"}, "version": 13}
{"obj": {"type": "AssignInt", "path": ["parameters", "metric_period"], "value": 3600}, "version": 14}
{"obj": {"type": "AssignFloat", "path": ["parameters", "threshold"], "value": 1.6}, "version": 15}
{"obj": {"type": "AssignString", "path": ["parameters", "model_name"], "value": "models_for_him/round_0.h5"}, "version": 16}
{"obj": {"type": "AssignInt", "path": ["parameters", "memory_size"], "value": 5000}, "version": 17}
{"obj": {"type": "AssignInt", "path": ["parameters", "batch_size"], "value": 256}, "version": 18}
{"obj": {"type": "AssignString", "path": ["parameters", "roadnet_size"], "value": "small"}, "version": 19}
{"obj": {"type": "AssignFloat", "path": ["parameters", "epsilon"], "value": 0.15}, "version": 20}
{"obj": {"type": "AssignFloat", "path": ["parameters", "gamma"], "value": 0.92}, "version": 21}
{"obj": {"type": "AssignFloat", "path": ["parameters", "learning_rate"], "value": 0.005}, "version": 22}
{"obj": {"type": "AssignInt", "path": ["parameters", "thread"], "value": 40}, "version": 23}
{"obj": {"type": "AssignInt", "path": ["parameters", "steps"], "value": 360}, "version": 24}
{"obj": {"type": "AssignInt", "path": ["parameters", "episodes"], "value": 100}, "version": 25}
{"obj": {"type": "AssignInt", "path": ["parameters", "update_freq"], "value": 10}, "version": 26}
{"obj": {"type": "AssignInt", "path": ["parameters", "close_value"], "value": 30}, "version": 27}
{"obj": {"type": "AssignBool", "path": ["parameters", "save_model"], "value": true}, "version": 28}
{"obj": {"type": "AssignBool", "path": ["parameters", "load_model"], "value": false}, "version": 29}
{"obj": {"type": "AssignInt", "path": ["parameters", "save_rate"], "value": 10}, "version": 30}
{"obj": {"type": "AssignString", "path": ["parameters", "save_dir"], "value": "model/dqn_mine/new"}, "version": 31}
{"obj": {"type": "AssignString", "path": ["parameters", "log_dir"], "value": "cmd_log/dqn_warm_up"}, "version": 32}
{"obj": {"type": "LogStrings", "path": ["monitoring", "stderr"], "values": [{"value": "Using TensorFlow backend.\n", "step": null, "ts": 1622909679.20545}]}, "version": 33}
{"obj": {"type": "LogStrings", "path": ["monitoring", "stdout"], "values": [{"value": "----------------------------------------------------0/100", "step": null, "ts": 1622909684.504217}]}, "version": 34}
{"obj": {"type": "LogStrings", "path": ["monitoring", "stdout"], "values": [{"value": "\n", "step": null, "ts": 1622909684.504947}]}, "version": 35}
{"obj": {"type": "LogFloats", "path": ["avg travel time"], "values": [{"value": 177.94440326167532, "step": null, "ts": 1622909728.2477288}]}, "version": 36}
{"obj": {"type": "LogFloats", "path": ["agent 0 min reward"], "values": [{"value": -152.0, "step": null, "ts": 1622909728.248362}]}, "version": 37}
{"obj": {"type": "LogStrings", "path": ["monitoring", "traceback"], "values": [{"value": "An uncaught exception occurred while run was active on worker d01ab3e31bda.", "step": null, "ts": 1622909728.2991388}, {"value": "Marking run as failed", "step": null, "ts": 1622909728.2991388}, {"value": "Traceback:", "step": null, "ts": 1622909728.2991388}, {"value": "  File \"train_dqn_example.py\", line 652, in <module>\n    raise AssertionError()\n", "step": null, "ts": 1622909728.2991388}, {"value": "", "step": null, "ts": 1622909728.2991388}]}, "version": 38}
{"obj": {"type": "AssignBool", "path": ["sys", "failed"], "value": true}, "version": 39}
{"obj": {"type": "LogStrings", "path": ["monitoring", "stderr"], "values": [{"value": "Traceback (most recent call last):\n", "step": null, "ts": 1622909728.3030996}]}, "version": 40}
{"obj": {"type": "LogStrings", "path": ["monitoring", "stderr"], "values": [{"value": "  File \"train_dqn_example.py\", line 646, in <module>\n", "step": null, "ts": 1622909728.3034492}]}, "version": 41}
{"obj": {"type": "LogStrings", "path": ["monitoring", "stderr"], "values": [{"value": "    ", "step": null, "ts": 1622909728.3040667}]}, "version": 42}
{"obj": {"type": "LogStrings", "path": ["monitoring", "stderr"], "values": [{"value": "train(agent_spec, gym_cfg, args,run)", "step": null, "ts": 1622909728.304231}]}, "version": 43}
{"obj": {"type": "LogStrings", "path": ["monitoring", "stderr"], "values": [{"value": "\n", "step": null, "ts": 1622909728.304505}]}, "version": 44}
{"obj": {"type": "LogStrings", "path": ["monitoring", "stderr"], "values": [{"value": "  File \"train_dqn_example.py\", line 396, in train\n", "step": null, "ts": 1622909728.3048306}]}, "version": 45}
{"obj": {"type": "LogStrings", "path": ["monitoring", "stderr"], "values": [{"value": "    ", "step": null, "ts": 1622909728.3053226}]}, "version": 46}
{"obj": {"type": "LogStrings", "path": ["monitoring", "stderr"], "values": [{"value": "agent.save_model(args.save_dir, 0)", "step": null, "ts": 1622909728.3055027}]}, "version": 47}
{"obj": {"type": "LogStrings", "path": ["monitoring", "stderr"], "values": [{"value": "\n", "step": null, "ts": 1622909728.305814}]}, "version": 48}
{"obj": {"type": "LogStrings", "path": ["monitoring", "stderr"], "values": [{"value": "  File \"agent/agent_DQN.py\", line 659, in save_model\n", "step": null, "ts": 1622909728.3061054}]}, "version": 49}
{"obj": {"type": "LogStrings", "path": ["monitoring", "stderr"], "values": [{"value": "    ", "step": null, "ts": 1622909728.30669}]}, "version": 50}
{"obj": {"type": "LogStrings", "path": ["monitoring", "stderr"], "values": [{"value": "self.model_A.save_weights(model_name)", "step": null, "ts": 1622909728.3068175}]}, "version": 51}
{"obj": {"type": "LogStrings", "path": ["monitoring", "stderr"], "values": [{"value": "\n", "step": null, "ts": 1622909728.3071084}]}, "version": 52}
{"obj": {"type": "LogStrings", "path": ["monitoring", "stderr"], "values": [{"value": "  File \"/usr/local/lib/python3.7/dist-packages/keras/engine/saving.py\", line 449, in save_wrapper\n", "step": null, "ts": 1622909728.307621}]}, "version": 53}
{"obj": {"type": "LogStrings", "path": ["monitoring", "stderr"], "values": [{"value": "    ", "step": null, "ts": 1622909728.3083613}]}, "version": 54}
{"obj": {"type": "LogStrings", "path": ["monitoring", "stderr"], "values": [{"value": "save_function(obj, filepath, overwrite, *args, **kwargs)", "step": null, "ts": 1622909728.3086207}]}, "version": 55}
{"obj": {"type": "LogStrings", "path": ["monitoring", "stderr"], "values": [{"value": "\n", "step": null, "ts": 1622909728.3089328}]}, "version": 56}
{"obj": {"type": "LogStrings", "path": ["monitoring", "stderr"], "values": [{"value": "  File \"/usr/local/lib/python3.7/dist-packages/keras/engine/network.py\", line 1183, in save_weights\n", "step": null, "ts": 1622909728.3092828}]}, "version": 57}
{"obj": {"type": "LogStrings", "path": ["monitoring", "stderr"], "values": [{"value": "    ", "step": null, "ts": 1622909728.310285}]}, "version": 58}
{"obj": {"type": "LogStrings", "path": ["monitoring", "stderr"], "values": [{"value": "with h5py.File(filepath, 'w') as f:", "step": null, "ts": 1622909728.3105397}]}, "version": 59}
{"obj": {"type": "LogStrings", "path": ["monitoring", "stderr"], "values": [{"value": "\n", "step": null, "ts": 1622909728.310851}]}, "version": 60}
{"obj": {"type": "LogStrings", "path": ["monitoring", "stderr"], "values": [{"value": "  File \"/usr/local/lib/python3.7/dist-packages/h5py/_hl/files.py\", line 408, in __init__\n", "step": null, "ts": 1622909728.3112006}]}, "version": 61}
{"obj": {"type": "LogStrings", "path": ["monitoring", "stderr"], "values": [{"value": "    ", "step": null, "ts": 1622909728.3117995}]}, "version": 62}
{"obj": {"type": "LogStrings", "path": ["monitoring", "stderr"], "values": [{"value": "swmr=swmr)", "step": null, "ts": 1622909728.312042}]}, "version": 63}
{"obj": {"type": "LogStrings", "path": ["monitoring", "stderr"], "values": [{"value": "\n", "step": null, "ts": 1622909728.3123682}]}, "version": 64}
{"obj": {"type": "LogStrings", "path": ["monitoring", "stderr"], "values": [{"value": "  File \"/usr/local/lib/python3.7/dist-packages/h5py/_hl/files.py\", line 179, in make_fid\n", "step": null, "ts": 1622909728.312682}]}, "version": 65}
{"obj": {"type": "LogStrings", "path": ["monitoring", "stderr"], "values": [{"value": "    ", "step": null, "ts": 1622909728.3130596}]}, "version": 66}
{"obj": {"type": "LogStrings", "path": ["monitoring", "stderr"], "values": [{"value": "fid = h5f.create(name, h5f.ACC_TRUNC, fapl=fapl, fcpl=fcpl)", "step": null, "ts": 1622909728.3132732}]}, "version": 67}
{"obj": {"type": "LogStrings", "path": ["monitoring", "stderr"], "values": [{"value": "\n", "step": null, "ts": 1622909728.3136187}]}, "version": 68}
{"obj": {"type": "LogStrings", "path": ["monitoring", "stderr"], "values": [{"value": "  File \"h5py/_objects.pyx\", line 54, in h5py._objects.with_phil.wrapper\n", "step": null, "ts": 1622909728.3139467}]}, "version": 69}
{"obj": {"type": "LogStrings", "path": ["monitoring", "stderr"], "values": [{"value": "  File \"h5py/_objects.pyx\", line 55, in h5py._objects.with_phil.wrapper\n", "step": null, "ts": 1622909728.314419}]}, "version": 70}
{"obj": {"type": "LogStrings", "path": ["monitoring", "stderr"], "values": [{"value": "  File \"h5py/h5f.pyx\", line 108, in h5py.h5f.create\n", "step": null, "ts": 1622909728.3147154}]}, "version": 71}
{"obj": {"type": "LogStrings", "path": ["monitoring", "stderr"], "values": [{"value": "OSError", "step": null, "ts": 1622909728.314994}]}, "version": 72}
{"obj": {"type": "LogStrings", "path": ["monitoring", "stderr"], "values": [{"value": ": ", "step": null, "ts": 1622909728.3152156}]}, "version": 73}
{"obj": {"type": "LogStrings", "path": ["monitoring", "stderr"], "values": [{"value": "Unable to create file (unable to open file: name = 'model/dqn_mine/new/dqn_agent_0.h5', errno = 2, error message = 'No such file or directory', flags = 13, o_flags = 242)", "step": null, "ts": 1622909728.3155305}]}, "version": 74}
{"obj": {"type": "LogStrings", "path": ["monitoring", "stderr"], "values": [{"value": "\n", "step": null, "ts": 1622909728.3158665}]}, "version": 75}
{"obj": {"type": "LogStrings", "path": ["monitoring", "stderr"], "values": [{"value": "\nDuring handling of the above exception, another exception occurred:\n\n", "step": null, "ts": 1622909728.3161929}]}, "version": 76}
{"obj": {"type": "LogStrings", "path": ["monitoring", "stderr"], "values": [{"value": "Traceback (most recent call last):\n", "step": null, "ts": 1622909728.3165178}]}, "version": 77}
{"obj": {"type": "LogStrings", "path": ["monitoring", "stderr"], "values": [{"value": "  File \"train_dqn_example.py\", line 652, in <module>\n", "step": null, "ts": 1622909728.316845}]}, "version": 78}
{"obj": {"type": "LogStrings", "path": ["monitoring", "stderr"], "values": [{"value": "    ", "step": null, "ts": 1622909728.3173907}]}, "version": 79}
{"obj": {"type": "LogStrings", "path": ["monitoring", "stderr"], "values": [{"value": "raise AssertionError()", "step": null, "ts": 1622909728.3176293}]}, "version": 80}
{"obj": {"type": "LogStrings", "path": ["monitoring", "stderr"], "values": [{"value": "\n", "step": null, "ts": 1622909728.3178926}]}, "version": 81}
{"obj": {"type": "LogStrings", "path": ["monitoring", "stderr"], "values": [{"value": "AssertionError", "step": null, "ts": 1622909728.3182144}]}, "version": 82}
{"obj": {"type": "LogStrings", "path": ["monitoring", "stderr"], "values": [{"value": "", "step": null, "ts": 1622909728.3185275}]}, "version": 83}
{"obj": {"type": "LogStrings", "path": ["monitoring", "stderr"], "values": [{"value": "\n", "step": null, "ts": 1622909728.3188598}]}, "version": 84}
{"obj": {"type": "LogStrings", "path": ["monitoring", "stdout"], "values": [{"value": "Shutting down background jobs, please wait a moment...\n", "step": null, "ts": 1622909728.3195953}]}, "version": 85}
